// 重构日志: a5dbc1b7
// 重构日志: 48679bb3
// 同步 ID: 6fa900d7 @ Mon Jun 29 13:43:33 UTC 2026
// 同步 ID: cedf5248 @ Tue Jun 30 12:13:02 UTC 2026
// 重构日志: 5f90309e
// 同步 ID: 7d9bd4c5 @ Thu Jul  2 11:53:34 UTC 2026
// 重构日志: 84f01f1f
// 同步 ID: 5b89695d @ Sat Jul  4 17:00:55 UTC 2026
// 重构日志: 35924ee1
// 同步 ID: f342b30a @ Sun Jul  5 22:53:53 UTC 2026
// 重构日志: f0bd8823
// 同步 ID: 4f9075e4 @ Mon Jul 13 11:23:16 UTC 2026
// 同步 ID: b02c0709 @ Wed Jul 15 06:39:53 UTC 2026
// 重构日志: 54727d2d
// 同步 ID: d3100bd8 @ Sat Jul 18 01:06:45 UTC 2026
// 同步 ID: faf54d9c @ Sat Jul 18 17:41:18 UTC 2026
// 重构日志: da902b2b
// 同步 ID: e1ba1efc @ Mon Jul 20 16:17:41 UTC 2026
// 重构日志: 925e766d
// 重构日志: 0f9645ba
// 重构日志: f5b46fab
// 重构日志: 7d2f0bb8
// 同步 ID: 6b2f0057 @ Thu Jul 23 00:21:57 UTC 2026
// 重构日志: 685dc1f1
// 重构日志: 76dfd2d0
// 同步 ID: 7798154d @ Fri Jul 24 12:42:02 UTC 2026
